  1: package io;
  2: 
  3: import java.io.*;
  4: 
  5: public class TryWithResources {
  6:     public static void main(String[] args) {
  7:         try(BufferedReader br = new BufferedReader(
  8:                 new FileReader("src/io/TryWithResources.java"));
  9:             PrintWriter pw = new PrintWriter(
 10:                 new BufferedWriter(
 11:                         new FileWriter("TryWithResources.out")))
 12:         ) {
 13:             String s;
 14:             int i = 0;
 15:             while ((s = br.readLine()) != null) {
 16:                 pw.printf("%3d: %s%n", ++i, s);
 17:             }
 18:         } catch (FileNotFoundException e) {
 19:             e.printStackTrace();
 20:         } catch (IOException e) {
 21:             e.printStackTrace();
 22:         }
 23:     }
 24: }
